INFO     - 2024-07-09 21:57:53,998. В модуле "Task_03" в строке 025 функция "wrapper()" в 1720551473.998383 секунд записала сообщение: {'result': 46, 'args': (10, 5, 15, 16), 'z': 8, 'c': 'Привет'}
DEBUG    - 2024-07-09 21:57:53,999. В модуле "Task_03" в строке 026 функция "wrapper()" в 1720551473.999381 секунд записала сообщение: {'result': 46, 'args': (10, 5, 15, 16), 'z': 8, 'c': 'Привет'}
INFO     - 2024-07-09 21:57:53,999. В модуле "Task_03" в строке 025 функция "wrapper()" в 1720551473.999381 секунд записала сообщение: {'result': 0, 'args': (), 'x': 20, 'y': 3}
DEBUG    - 2024-07-09 21:57:53,999. В модуле "Task_03" в строке 026 функция "wrapper()" в 1720551473.999381 секунд записала сообщение: {'result': 0, 'args': (), 'x': 20, 'y': 3}
INFO     - 2024-07-09 21:57:54,000. В модуле "Task_03" в строке 025 функция "wrapper()" в 1720551474.000378 секунд записала сообщение: {'result': 1099, 'args': (100, 999)}
DEBUG    - 2024-07-09 21:57:54,000. В модуле "Task_03" в строке 026 функция "wrapper()" в 1720551474.000378 секунд записала сообщение: {'result': 1099, 'args': (100, 999)}
INFO     - 2024-07-09 22:00:45,038. В модуле "Task_03" в строке 025 функция "wrapper()" в 1720551645.0385394 секунд записала сообщение: Аргументы функции (10, 5, 15, 16), результат 46
DEBUG    - 2024-07-09 22:00:45,038. В модуле "Task_03" в строке 026 функция "wrapper()" в 1720551645.0385394 секунд записала сообщение: {'result': 46, 'args': (10, 5, 15, 16), 'z': 8, 'c': 'Привет'}
INFO     - 2024-07-09 22:00:45,038. В модуле "Task_03" в строке 025 функция "wrapper()" в 1720551645.0385394 секунд записала сообщение: Аргументы функции (), результат 0
DEBUG    - 2024-07-09 22:00:45,039. В модуле "Task_03" в строке 026 функция "wrapper()" в 1720551645.0395377 секунд записала сообщение: {'result': 0, 'args': (), 'x': 20, 'y': 3}
INFO     - 2024-07-09 22:00:45,039. В модуле "Task_03" в строке 025 функция "wrapper()" в 1720551645.0395377 секунд записала сообщение: Аргументы функции (100, 999), результат 1099
DEBUG    - 2024-07-09 22:00:45,039. В модуле "Task_03" в строке 026 функция "wrapper()" в 1720551645.0395377 секунд записала сообщение: {'result': 1099, 'args': (100, 999)}
INFO     - 2024-07-09 22:02:42,207. В модуле "Task_03" в строке 025 функция "wrapper()" в 1720551762.2077076 секунд записала сообщение: Функция sum_numbers, аргументы функции (10, 5, 15, 16), результат 46
DEBUG    - 2024-07-09 22:02:42,207. В модуле "Task_03" в строке 026 функция "wrapper()" в 1720551762.2077076 секунд записала сообщение: {'result': 46, 'args': (10, 5, 15, 16), 'z': 8, 'c': 'Привет'}
INFO     - 2024-07-09 22:02:42,207. В модуле "Task_03" в строке 025 функция "wrapper()" в 1720551762.2077076 секунд записала сообщение: Функция sum_numbers, аргументы функции (), результат 0
DEBUG    - 2024-07-09 22:02:42,207. В модуле "Task_03" в строке 026 функция "wrapper()" в 1720551762.2077076 секунд записала сообщение: {'result': 0, 'args': (), 'x': 20, 'y': 3}
INFO     - 2024-07-09 22:02:42,207. В модуле "Task_03" в строке 025 функция "wrapper()" в 1720551762.2077076 секунд записала сообщение: Функция sum_numbers, аргументы функции (100, 999), результат 1099
DEBUG    - 2024-07-09 22:02:42,207. В модуле "Task_03" в строке 026 функция "wrapper()" в 1720551762.2077076 секунд записала сообщение: {'result': 1099, 'args': (100, 999)}
INFO     - 2024-07-09 22:05:04,723. В модуле "Task_03" в строке 025 функция "wrapper()" в 1720551904.723562 секунд записала сообщение: Функция sum_numbers, аргументы функции {'args': (10, 5, 15, 16), 'z': 8, 'c': 'Привет'}, результат 46
DEBUG    - 2024-07-09 22:05:04,729. В модуле "Task_03" в строке 026 функция "wrapper()" в 1720551904.7295465 секунд записала сообщение: {'args': (10, 5, 15, 16), 'z': 8, 'c': 'Привет'}
INFO     - 2024-07-09 22:05:04,729. В модуле "Task_03" в строке 025 функция "wrapper()" в 1720551904.7295465 секунд записала сообщение: Функция sum_numbers, аргументы функции {'args': (), 'x': 20, 'y': 3}, результат 0
DEBUG    - 2024-07-09 22:05:04,729. В модуле "Task_03" в строке 026 функция "wrapper()" в 1720551904.7295465 секунд записала сообщение: {'args': (), 'x': 20, 'y': 3}
INFO     - 2024-07-09 22:05:04,729. В модуле "Task_03" в строке 025 функция "wrapper()" в 1720551904.7295465 секунд записала сообщение: Функция sum_numbers, аргументы функции {'args': (100, 999)}, результат 1099
DEBUG    - 2024-07-09 22:05:04,730. В модуле "Task_03" в строке 026 функция "wrapper()" в 1720551904.7305436 секунд записала сообщение: {'args': (100, 999)}
INFO     - 2024-07-09 22:06:51,354. Функция sum_numbers, аргументы функции {'args': (10, 5, 15, 16), 'z': 8, 'c': 'Привет'}, результат 46
INFO     - 2024-07-09 22:06:51,355. Функция sum_numbers, аргументы функции {'args': (), 'x': 20, 'y': 3}, результат 0
INFO     - 2024-07-09 22:06:51,355. Функция sum_numbers, аргументы функции {'args': (100, 999)}, результат 1099
INFO     - 2024-07-09 22:12:15,525. В модуле "Task_03" в строке 029 функция "wrapper()" в 1720552335.5250494 секунд записала сообщение: Функция sum_numbers, аргументы функции {'args': (10, 5, 15, 16), 'z': 8, 'c': 'Привет'}, результат 46
INFO     - 2024-07-09 22:12:15,525. В модуле "Task_03" в строке 029 функция "wrapper()" в 1720552335.5250494 секунд записала сообщение: Функция sum_numbers, аргументы функции {'args': (), 'x': 20, 'y': 3}, результат 0
INFO     - 2024-07-09 22:12:15,525. В модуле "Task_03" в строке 029 функция "wrapper()" в 1720552335.5250494 секунд записала сообщение: Функция sum_numbers, аргументы функции {'args': (100, 999)}, результат 1099
ERROR    - 2024-07-09 23:08:59,335. В модуле "Task_03" в строке 044 функция "date_find()" в 1720555739.3357852 секунд записала сообщение: Нет такой даты - 7-я среда мая в текущем году
ERROR    - 2024-07-09 23:10:28,938. В модуле "Task_03" в строке 044 функция "date_find()" в 1720555828.93813 секунд записала сообщение: Нет такой даты - 8-я среда мая в текущем году
ERROR    - 2024-07-09 23:10:28,938. В модуле "Task_03" в строке 044 функция "date_find()" в 1720555828.93813 секунд записала сообщение: Нет такой даты - 7-я среда мая в текущем году
ERROR    - 2024-07-15 20:32:24,167. В модуле "Task_01" в строке 034 функция "div_func()" в 1721064744.167182 секунд записала сообщение: b = 0. На ноль делить нельзя
